{"D:\\Libraries\\Documents\\CodeProjects\\battleship\\src\\modules\\gameBoard.js": {"path":"D:\\Libraries\\Documents\\CodeProjects\\battleship\\src\\modules\\gameBoard.js","statementMap":{"0":{"start":{"line":4,"column":16},"end":{"line":60,"column":1}},"1":{"start":{"line":5,"column":14},"end":{"line":5,"column":16}},"2":{"start":{"line":6,"column":2},"end":{"line":8,"column":3}},"3":{"start":{"line":6,"column":15},"end":{"line":6,"column":16}},"4":{"start":{"line":7,"column":4},"end":{"line":7,"column":18}},"5":{"start":{"line":9,"column":14},"end":{"line":9,"column":22}},"6":{"start":{"line":13,"column":20},"end":{"line":13,"column":22}},"7":{"start":{"line":15,"column":4},"end":{"line":17,"column":5}},"8":{"start":{"line":16,"column":6},"end":{"line":16,"column":43}},"9":{"start":{"line":22,"column":4},"end":{"line":22,"column":47}},"10":{"start":{"line":22,"column":32},"end":{"line":22,"column":45}},"11":{"start":{"line":25,"column":21},"end":{"line":25,"column":39}},"12":{"start":{"line":27,"column":4},"end":{"line":46,"column":7}},"13":{"start":{"line":32,"column":6},"end":{"line":45,"column":9}},"14":{"start":{"line":33,"column":8},"end":{"line":36,"column":9}},"15":{"start":{"line":34,"column":10},"end":{"line":34,"column":21}},"16":{"start":{"line":35,"column":10},"end":{"line":35,"column":63}},"17":{"start":{"line":38,"column":8},"end":{"line":44,"column":9}},"18":{"start":{"line":40,"column":10},"end":{"line":42,"column":12}},"19":{"start":{"line":41,"column":23},"end":{"line":41,"column":51}},"20":{"start":{"line":43,"column":10},"end":{"line":43,"column":27}},"21":{"start":{"line":47,"column":4},"end":{"line":50,"column":5}},"22":{"start":{"line":49,"column":6},"end":{"line":49,"column":60}},"23":{"start":{"line":52,"column":2},"end":{"line":59,"column":4}}},"fnMap":{"0":{"name":"(anonymous_0)","decl":{"start":{"line":4,"column":16},"end":{"line":4,"column":17}},"loc":{"start":{"line":4,"column":36},"end":{"line":60,"column":1}},"line":4},"1":{"name":"checkLoss","decl":{"start":{"line":14,"column":11},"end":{"line":14,"column":20}},"loc":{"start":{"line":14,"column":23},"end":{"line":18,"column":3}},"line":14},"2":{"name":"placeShip","decl":{"start":{"line":19,"column":11},"end":{"line":19,"column":20}},"loc":{"start":{"line":19,"column":23},"end":{"line":19,"column":25}},"line":19},"3":{"name":"receiveAttack","decl":{"start":{"line":20,"column":11},"end":{"line":20,"column":24}},"loc":{"start":{"line":20,"column":30},"end":{"line":51,"column":3}},"line":20},"4":{"name":"(anonymous_4)","decl":{"start":{"line":22,"column":21},"end":{"line":22,"column":22}},"loc":{"start":{"line":22,"column":32},"end":{"line":22,"column":45}},"line":22},"5":{"name":"(anonymous_5)","decl":{"start":{"line":27,"column":18},"end":{"line":27,"column":19}},"loc":{"start":{"line":27,"column":28},"end":{"line":46,"column":5}},"line":27},"6":{"name":"(anonymous_6)","decl":{"start":{"line":32,"column":28},"end":{"line":32,"column":29}},"loc":{"start":{"line":32,"column":38},"end":{"line":45,"column":7}},"line":32},"7":{"name":"(anonymous_7)","decl":{"start":{"line":41,"column":12},"end":{"line":41,"column":13}},"loc":{"start":{"line":41,"column":23},"end":{"line":41,"column":51}},"line":41}},"branchMap":{"0":{"loc":{"start":{"line":15,"column":4},"end":{"line":17,"column":5}},"type":"if","locations":[{"start":{"line":15,"column":4},"end":{"line":17,"column":5}},{"start":{},"end":{}}],"line":15},"1":{"loc":{"start":{"line":33,"column":8},"end":{"line":36,"column":9}},"type":"if","locations":[{"start":{"line":33,"column":8},"end":{"line":36,"column":9}},{"start":{},"end":{}}],"line":33},"2":{"loc":{"start":{"line":38,"column":8},"end":{"line":44,"column":9}},"type":"if","locations":[{"start":{"line":38,"column":8},"end":{"line":44,"column":9}},{"start":{},"end":{}}],"line":38},"3":{"loc":{"start":{"line":47,"column":4},"end":{"line":50,"column":5}},"type":"if","locations":[{"start":{"line":47,"column":4},"end":{"line":50,"column":5}},{"start":{},"end":{}}],"line":47}},"s":{"0":2,"1":15,"2":15,"3":15,"4":1500,"5":15,"6":15,"7":11,"8":2,"9":10,"10":6,"11":10,"12":10,"13":19,"14":46,"15":6,"16":6,"17":46,"18":10,"19":12,"20":10,"21":10,"22":4,"23":15},"f":{"0":15,"1":11,"2":0,"3":10,"4":6,"5":19,"6":46,"7":12},"b":{"0":[2,9],"1":[6,40],"2":[10,36],"3":[4,6]},"_coverageSchema":"1a1c01bbd47fc00a2c39e90264f33305004495a9","hash":"fd42e2e1c44a47bc8f0806bbe93f65a29133adae"}
,"D:\\Libraries\\Documents\\CodeProjects\\battleship\\src\\modules\\player.js": {"path":"D:\\Libraries\\Documents\\CodeProjects\\battleship\\src\\modules\\player.js","statementMap":{"0":{"start":{"line":4,"column":13},"end":{"line":37,"column":1}},"1":{"start":{"line":5,"column":18},"end":{"line":5,"column":34}},"2":{"start":{"line":8,"column":19},"end":{"line":8,"column":21}},"3":{"start":{"line":9,"column":2},"end":{"line":11,"column":3}},"4":{"start":{"line":9,"column":15},"end":{"line":9,"column":16}},"5":{"start":{"line":10,"column":4},"end":{"line":10,"column":23}},"6":{"start":{"line":12,"column":2},"end":{"line":12,"column":27}},"7":{"start":{"line":16,"column":4},"end":{"line":16,"column":41}},"8":{"start":{"line":17,"column":15},"end":{"line":17,"column":38}},"9":{"start":{"line":18,"column":4},"end":{"line":18,"column":41}},"10":{"start":{"line":19,"column":4},"end":{"line":19,"column":16}},"11":{"start":{"line":26,"column":4},"end":{"line":26,"column":42}},"12":{"start":{"line":30,"column":2},"end":{"line":36,"column":4}}},"fnMap":{"0":{"name":"(anonymous_0)","decl":{"start":{"line":4,"column":13},"end":{"line":4,"column":14}},"loc":{"start":{"line":4,"column":36},"end":{"line":37,"column":1}},"line":4},"1":{"name":"cpuAttack","decl":{"start":{"line":14,"column":11},"end":{"line":14,"column":20}},"loc":{"start":{"line":14,"column":29},"end":{"line":22,"column":3}},"line":14},"2":{"name":"attack","decl":{"start":{"line":25,"column":11},"end":{"line":25,"column":17}},"loc":{"start":{"line":25,"column":33},"end":{"line":28,"column":3}},"line":25}},"branchMap":{},"s":{"0":1,"1":11,"2":11,"3":11,"4":11,"5":1100,"6":11,"7":2,"8":2,"9":2,"10":2,"11":2,"12":11},"f":{"0":11,"1":2,"2":2},"b":{},"_coverageSchema":"1a1c01bbd47fc00a2c39e90264f33305004495a9","hash":"848a7ec253aa8460903d960e1107e7d6dbc4e40f"}
,"D:\\Libraries\\Documents\\CodeProjects\\battleship\\src\\modules\\ship.js": {"path":"D:\\Libraries\\Documents\\CodeProjects\\battleship\\src\\modules\\ship.js","statementMap":{"0":{"start":{"line":3,"column":15},"end":{"line":3,"column":30}},"1":{"start":{"line":7,"column":17},"end":{"line":7,"column":18}},"2":{"start":{"line":8,"column":13},"end":{"line":8,"column":18}},"3":{"start":{"line":10,"column":4},"end":{"line":10,"column":38}},"4":{"start":{"line":12,"column":4},"end":{"line":15,"column":5}},"5":{"start":{"line":13,"column":6},"end":{"line":13,"column":20}},"6":{"start":{"line":14,"column":6},"end":{"line":14,"column":13}},"7":{"start":{"line":17,"column":4},"end":{"line":17,"column":11}},"8":{"start":{"line":20,"column":4},"end":{"line":20,"column":21}},"9":{"start":{"line":21,"column":4},"end":{"line":21,"column":16}},"10":{"start":{"line":23,"column":2},"end":{"line":30,"column":4}}},"fnMap":{"0":{"name":"Ship","decl":{"start":{"line":1,"column":9},"end":{"line":1,"column":13}},"loc":{"start":{"line":1,"column":24},"end":{"line":31,"column":1}},"line":1},"1":{"name":"hit","decl":{"start":{"line":9,"column":11},"end":{"line":9,"column":14}},"loc":{"start":{"line":9,"column":17},"end":{"line":18,"column":3}},"line":9},"2":{"name":"isSunk","decl":{"start":{"line":19,"column":11},"end":{"line":19,"column":17}},"loc":{"start":{"line":19,"column":20},"end":{"line":22,"column":3}},"line":19}},"branchMap":{"0":{"loc":{"start":{"line":12,"column":4},"end":{"line":15,"column":5}},"type":"if","locations":[{"start":{"line":12,"column":4},"end":{"line":15,"column":5}},{"start":{},"end":{}}],"line":12}},"s":{"0":17,"1":17,"2":17,"3":8,"4":8,"5":3,"6":3,"7":5,"8":3,"9":3,"10":17},"f":{"0":17,"1":8,"2":3},"b":{"0":[3,5]},"_coverageSchema":"1a1c01bbd47fc00a2c39e90264f33305004495a9","hash":"99d3fec817eeb65b9cdd496a493f6a607f079697"}
,"D:\\Libraries\\Documents\\CodeProjects\\battleship\\src\\modules\\utils.js": {"path":"D:\\Libraries\\Documents\\CodeProjects\\battleship\\src\\modules\\utils.js","statementMap":{"0":{"start":{"line":2,"column":2},"end":{"line":7,"column":3}},"1":{"start":{"line":2,"column":15},"end":{"line":2,"column":31}},"2":{"start":{"line":3,"column":12},"end":{"line":3,"column":47}},"3":{"start":{"line":4,"column":15},"end":{"line":4,"column":23}},"4":{"start":{"line":5,"column":4},"end":{"line":5,"column":24}},"5":{"start":{"line":6,"column":4},"end":{"line":6,"column":20}}},"fnMap":{"0":{"name":"shuffleArray","decl":{"start":{"line":1,"column":16},"end":{"line":1,"column":28}},"loc":{"start":{"line":1,"column":36},"end":{"line":8,"column":1}},"line":1}},"branchMap":{},"s":{"0":11,"1":11,"2":1089,"3":1089,"4":1089,"5":1089},"f":{"0":11},"b":{},"_coverageSchema":"1a1c01bbd47fc00a2c39e90264f33305004495a9","hash":"306b57f0755da692295ea9f2aaac265db1dda368"}
}
