{"/home/eric/repos/battleship/src/modules/gameBoard.js": {"path":"/home/eric/repos/battleship/src/modules/gameBoard.js","statementMap":{"0":{"start":{"line":4,"column":16},"end":{"line":51,"column":1}},"1":{"start":{"line":5,"column":14},"end":{"line":5,"column":16}},"2":{"start":{"line":6,"column":2},"end":{"line":8,"column":3}},"3":{"start":{"line":6,"column":15},"end":{"line":6,"column":16}},"4":{"start":{"line":7,"column":4},"end":{"line":7,"column":18}},"5":{"start":{"line":9,"column":14},"end":{"line":9,"column":22}},"6":{"start":{"line":12,"column":20},"end":{"line":12,"column":22}},"7":{"start":{"line":16,"column":4},"end":{"line":16,"column":47}},"8":{"start":{"line":16,"column":32},"end":{"line":16,"column":45}},"9":{"start":{"line":19,"column":21},"end":{"line":19,"column":39}},"10":{"start":{"line":21,"column":4},"end":{"line":38,"column":7}},"11":{"start":{"line":23,"column":6},"end":{"line":37,"column":9}},"12":{"start":{"line":24,"column":8},"end":{"line":24,"column":26}},"13":{"start":{"line":25,"column":8},"end":{"line":29,"column":9}},"14":{"start":{"line":26,"column":10},"end":{"line":26,"column":36}},"15":{"start":{"line":27,"column":10},"end":{"line":27,"column":21}},"16":{"start":{"line":28,"column":10},"end":{"line":28,"column":58}},"17":{"start":{"line":31,"column":8},"end":{"line":36,"column":9}},"18":{"start":{"line":33,"column":10},"end":{"line":35,"column":12}},"19":{"start":{"line":34,"column":23},"end":{"line":34,"column":51}},"20":{"start":{"line":39,"column":4},"end":{"line":42,"column":5}},"21":{"start":{"line":41,"column":6},"end":{"line":41,"column":57}},"22":{"start":{"line":44,"column":2},"end":{"line":50,"column":4}}},"fnMap":{"0":{"name":"(anonymous_0)","decl":{"start":{"line":4,"column":16},"end":{"line":4,"column":17}},"loc":{"start":{"line":4,"column":36},"end":{"line":51,"column":1}},"line":4},"1":{"name":"placeShip","decl":{"start":{"line":13,"column":11},"end":{"line":13,"column":20}},"loc":{"start":{"line":13,"column":23},"end":{"line":13,"column":25}},"line":13},"2":{"name":"receiveAttack","decl":{"start":{"line":14,"column":11},"end":{"line":14,"column":24}},"loc":{"start":{"line":14,"column":30},"end":{"line":43,"column":3}},"line":14},"3":{"name":"(anonymous_3)","decl":{"start":{"line":16,"column":21},"end":{"line":16,"column":22}},"loc":{"start":{"line":16,"column":32},"end":{"line":16,"column":45}},"line":16},"4":{"name":"(anonymous_4)","decl":{"start":{"line":21,"column":18},"end":{"line":21,"column":19}},"loc":{"start":{"line":21,"column":28},"end":{"line":38,"column":5}},"line":21},"5":{"name":"(anonymous_5)","decl":{"start":{"line":23,"column":28},"end":{"line":23,"column":29}},"loc":{"start":{"line":23,"column":38},"end":{"line":37,"column":7}},"line":23},"6":{"name":"(anonymous_6)","decl":{"start":{"line":34,"column":12},"end":{"line":34,"column":13}},"loc":{"start":{"line":34,"column":23},"end":{"line":34,"column":51}},"line":34}},"branchMap":{"0":{"loc":{"start":{"line":25,"column":8},"end":{"line":29,"column":9}},"type":"if","locations":[{"start":{"line":25,"column":8},"end":{"line":29,"column":9}},{"start":{},"end":{}}],"line":25},"1":{"loc":{"start":{"line":31,"column":8},"end":{"line":36,"column":9}},"type":"if","locations":[{"start":{"line":31,"column":8},"end":{"line":36,"column":9}},{"start":{},"end":{}}],"line":31},"2":{"loc":{"start":{"line":39,"column":4},"end":{"line":42,"column":5}},"type":"if","locations":[{"start":{"line":39,"column":4},"end":{"line":42,"column":5}},{"start":{},"end":{}}],"line":39}},"s":{"0":1,"1":2,"2":2,"3":2,"4":200,"5":2,"6":2,"7":3,"8":3,"9":3,"10":3,"11":6,"12":15,"13":15,"14":3,"15":3,"16":3,"17":15,"18":3,"19":4,"20":3,"21":0,"22":2},"f":{"0":2,"1":0,"2":3,"3":3,"4":6,"5":15,"6":4},"b":{"0":[3,12],"1":[3,12],"2":[0,3]},"_coverageSchema":"1a1c01bbd47fc00a2c39e90264f33305004495a9","hash":"67627f56c8c5f67d74f2df7aa7414465a3f3cf40"}
,"/home/eric/repos/battleship/src/modules/ship.js": {"path":"/home/eric/repos/battleship/src/modules/ship.js","statementMap":{"0":{"start":{"line":2,"column":15},"end":{"line":2,"column":30}},"1":{"start":{"line":6,"column":17},"end":{"line":6,"column":18}},"2":{"start":{"line":7,"column":13},"end":{"line":7,"column":18}},"3":{"start":{"line":9,"column":4},"end":{"line":9,"column":38}},"4":{"start":{"line":11,"column":4},"end":{"line":14,"column":5}},"5":{"start":{"line":12,"column":6},"end":{"line":12,"column":20}},"6":{"start":{"line":13,"column":6},"end":{"line":13,"column":13}},"7":{"start":{"line":16,"column":4},"end":{"line":16,"column":11}},"8":{"start":{"line":19,"column":4},"end":{"line":19,"column":21}},"9":{"start":{"line":20,"column":4},"end":{"line":20,"column":16}},"10":{"start":{"line":22,"column":2},"end":{"line":29,"column":4}}},"fnMap":{"0":{"name":"Ship","decl":{"start":{"line":1,"column":9},"end":{"line":1,"column":13}},"loc":{"start":{"line":1,"column":24},"end":{"line":30,"column":1}},"line":1},"1":{"name":"hit","decl":{"start":{"line":8,"column":11},"end":{"line":8,"column":14}},"loc":{"start":{"line":8,"column":17},"end":{"line":17,"column":3}},"line":8},"2":{"name":"isSunk","decl":{"start":{"line":18,"column":11},"end":{"line":18,"column":17}},"loc":{"start":{"line":18,"column":20},"end":{"line":21,"column":3}},"line":18}},"branchMap":{"0":{"loc":{"start":{"line":11,"column":4},"end":{"line":14,"column":5}},"type":"if","locations":[{"start":{"line":11,"column":4},"end":{"line":14,"column":5}},{"start":{},"end":{}}],"line":11}},"s":{"0":4,"1":4,"2":4,"3":5,"4":5,"5":2,"6":2,"7":3,"8":2,"9":2,"10":4},"f":{"0":4,"1":5,"2":2},"b":{"0":[2,3]},"_coverageSchema":"1a1c01bbd47fc00a2c39e90264f33305004495a9","hash":"ff70f274c5bed90ba0f1888a09aae504b42401d9"}
}
