TN:
SF:src\modules\gameBoard.js
FN:4,(anonymous_0)
FN:14,checkLoss
FN:19,placeShip
FN:20,receiveAttack
FN:22,(anonymous_4)
FN:27,(anonymous_5)
FN:32,(anonymous_6)
FN:41,(anonymous_7)
FNF:8
FNH:7
FNDA:15,(anonymous_0)
FNDA:11,checkLoss
FNDA:0,placeShip
FNDA:10,receiveAttack
FNDA:6,(anonymous_4)
FNDA:19,(anonymous_5)
FNDA:46,(anonymous_6)
FNDA:12,(anonymous_7)
DA:4,2
DA:5,15
DA:6,15
DA:7,1500
DA:9,15
DA:13,15
DA:15,11
DA:16,2
DA:22,10
DA:25,10
DA:27,10
DA:32,19
DA:33,46
DA:34,5
DA:35,5
DA:38,46
DA:40,10
DA:41,12
DA:43,10
DA:47,10
DA:49,5
DA:52,15
LF:22
LH:22
BRDA:15,0,0,2
BRDA:15,0,1,9
BRDA:33,1,0,5
BRDA:33,1,1,41
BRDA:38,2,0,10
BRDA:38,2,1,36
BRDA:47,3,0,5
BRDA:47,3,1,5
BRF:8
BRH:8
end_of_record
TN:
SF:src\modules\player.js
FN:4,(anonymous_0)
FN:14,cpuAttack
FN:23,attack
FNF:3
FNH:3
FNDA:11,(anonymous_0)
FNDA:2,cpuAttack
FNDA:2,attack
DA:4,1
DA:5,11
DA:8,11
DA:9,11
DA:10,1100
DA:12,11
DA:16,2
DA:17,2
DA:24,2
DA:28,11
LF:10
LH:10
BRF:0
BRH:0
end_of_record
TN:
SF:src\modules\ship.js
FN:1,Ship
FN:9,hit
FN:19,isSunk
FNF:3
FNH:3
FNDA:17,Ship
FNDA:7,hit
FNDA:3,isSunk
DA:3,17
DA:7,17
DA:8,17
DA:10,7
DA:12,7
DA:13,3
DA:14,3
DA:17,4
DA:20,3
DA:21,3
DA:23,17
LF:11
LH:11
BRDA:12,0,0,3
BRDA:12,0,1,4
BRF:2
BRH:2
end_of_record
TN:
SF:src\modules\utils.js
FN:1,shuffleArray
FNF:1
FNH:1
FNDA:11,shuffleArray
DA:2,11
DA:3,1089
DA:4,1089
DA:5,1089
DA:6,1089
LF:5
LH:5
BRF:0
BRH:0
end_of_record
