TN:
SF:src\modules\gameBoard.js
FN:4,(anonymous_0)
FN:14,checkLoss
FN:19,placeShip
FN:20,receiveAttack
FN:22,(anonymous_4)
FN:27,(anonymous_5)
FN:32,(anonymous_6)
FN:41,(anonymous_7)
FNF:8
FNH:7
FNDA:4,(anonymous_0)
FNDA:11,checkLoss
FNDA:0,placeShip
FNDA:6,receiveAttack
FNDA:4,(anonymous_4)
FNDA:11,(anonymous_5)
FNDA:26,(anonymous_6)
FNDA:12,(anonymous_7)
DA:4,1
DA:5,4
DA:6,4
DA:7,400
DA:9,4
DA:13,4
DA:15,11
DA:16,2
DA:22,6
DA:25,6
DA:27,6
DA:32,11
DA:33,26
DA:34,4
DA:35,4
DA:38,26
DA:40,10
DA:41,12
DA:43,10
DA:47,6
DA:49,2
DA:52,4
LF:22
LH:22
BRDA:15,0,0,2
BRDA:15,0,1,9
BRDA:33,1,0,4
BRDA:33,1,1,22
BRDA:38,2,0,10
BRDA:38,2,1,16
BRDA:47,3,0,2
BRDA:47,3,1,4
BRF:8
BRH:8
end_of_record
TN:
SF:src\modules\ship.js
FN:1,Ship
FN:8,hit
FN:18,isSunk
FNF:3
FNH:3
FNDA:5,Ship
FNDA:6,hit
FNDA:3,isSunk
DA:2,5
DA:6,5
DA:7,5
DA:9,6
DA:11,6
DA:12,3
DA:13,3
DA:16,3
DA:19,3
DA:20,3
DA:22,5
LF:11
LH:11
BRDA:11,0,0,3
BRDA:11,0,1,3
BRF:2
BRH:2
end_of_record
